# JRE version: Java(TM) SE Runtime Environment (21.0.2+13) (build 21.0.2+13-LTS-58)
# Java VM: Java HotSpot(TM) 64-Bit Server VM (21.0.2+13-LTS-58, mixed mode, sharing, tiered, compressed oops, compressed class ptrs, g1 gc, windows-amd64)
GC Precious Log:
 CardTable entry size: 512
 Card Set container configuration: InlinePtr #cards 5 size 8 Array Of Cards #cards 12 size 40 Howl #buckets 4 coarsen threshold 1843 Howl Bitmap #cards 512 size 80 coarsen threshold 460 Card regions per heap region 1 cards per card region 2048
 CPUs: 8 total, 8 available
 Memory: 6082M
 Large Page Support: Disabled
 NUMA Support: Disabled
 Compressed Oops: Enabled (32-bit)
 Heap Region Size: 1M
 Heap Min Capacity: 8M
 Heap Initial Capacity: 96M
 Heap Max Capacity: 1522M
 Pre-touch: Disabled
 Parallel Workers: 8
 Concurrent Workers: 2
 Concurrent Refinement Workers: 8
 Periodic GC: Disabled
Heap:
 garbage-first heap   total 96256K, used 62630K [0x00000000a0e00000, 0x0000000100000000)
  region size 1024K, 12 young (12288K), 1 survivors (1024K)
 Metaspace       used 100831K, committed 102208K, reserved 1179648K
  class space    used 12579K, committed 13184K, reserved 1048576K
GC Heap History (20 events):
Event: 1191.289 GC heap before
{Heap before GC invocations=475 (full 1):
 garbage-first heap   total 96256K, used 87596K [0x00000000a0e00000, 0x0000000100000000)
  region size 1024K, 36 young (36864K), 1 survivors (1024K)
 Metaspace       used 100448K, committed 101568K, reserved 1179648K
  class space    used 12643K, committed 13184K, reserved 1048576K
}
Event: 1191.291 GC heap after
{Heap after GC invocations=476 (full 1):
 garbage-first heap   total 96256K, used 51779K [0x00000000a0e00000, 0x0000000100000000)
  region size 1024K, 1 young (1024K), 1 survivors (1024K)
 Metaspace       used 100448K, committed 101568K, reserved 1179648K
  class space    used 12643K, committed 13184K, reserved 1048576K
}
Event: 1193.675 GC heap before
{Heap before GC invocations=476 (full 1):
 garbage-first heap   total 96256K, used 87619K [0x00000000a0e00000, 0x0000000100000000)
  region size 1024K, 36 young (36864K), 1 survivors (1024K)
 Metaspace       used 100448K, committed 101568K, reserved 1179648K
  class space    used 12643K, committed 13184K, reserved 1048576K
}
Event: 1193.677 GC heap after
{Heap after GC invocations=477 (full 1):
 garbage-first heap   total 96256K, used 51816K [0x00000000a0e00000, 0x0000000100000000)
  region size 1024K, 1 young (1024K), 1 survivors (1024K)
 Metaspace       used 100448K, committed 101568K, reserved 1179648K
  class space    used 12643K, committed 13184K, reserved 1048576K
}
Event: 1196.585 GC heap before
{Heap before GC invocations=478 (full 1):
 garbage-first heap   total 96256K, used 87656K [0x00000000a0e00000, 0x0000000100000000)
  region size 1024K, 36 young (36864K), 1 survivors (1024K)
 Metaspace       used 100448K, committed 101568K, reserved 1179648K
  class space    used 12643K, committed 13184K, reserved 1048576K
}
Event: 1196.588 GC heap after
{Heap after GC invocations=479 (full 1):
 garbage-first heap   total 96256K, used 51786K [0x00000000a0e00000, 0x0000000100000000)
  region size 1024K, 1 young (1024K), 1 survivors (1024K)
 Metaspace       used 100448K, committed 101568K, reserved 1179648K
  class space    used 12643K, committed 13184K, reserved 1048576K
}
Event: 1199.303 GC heap before
{Heap before GC invocations=479 (full 1):
 garbage-first heap   total 96256K, used 87626K [0x00000000a0e00000, 0x0000000100000000)
  region size 1024K, 36 young (36864K), 1 survivors (1024K)
 Metaspace       used 100448K, committed 101568K, reserved 1179648K
  class space    used 12643K, committed 13184K, reserved 1048576K
}
Event: 1199.304 GC heap after
{Heap after GC invocations=480 (full 1):
 garbage-first heap   total 96256K, used 51765K [0x00000000a0e00000, 0x0000000100000000)
  region size 1024K, 1 young (1024K), 1 survivors (1024K)
 Metaspace       used 100448K, committed 101568K, reserved 1179648K
  class space    used 12643K, committed 13184K, reserved 1048576K
}
Event: 1201.728 GC heap before
{Heap before GC invocations=481 (full 1):
 garbage-first heap   total 96256K, used 87605K [0x00000000a0e00000, 0x0000000100000000)
  region size 1024K, 36 young (36864K), 1 survivors (1024K)
 Metaspace       used 100448K, committed 101568K, reserved 1179648K
  class space    used 12643K, committed 13184K, reserved 1048576K
}
Event: 1201.730 GC heap after
{Heap after GC invocations=482 (full 1):
 garbage-first heap   total 96256K, used 51800K [0x00000000a0e00000, 0x0000000100000000)
  region size 1024K, 1 young (1024K), 1 survivors (1024K)
 Metaspace       used 100448K, committed 101568K, reserved 1179648K
  class space    used 12643K, committed 13184K, reserved 1048576K
}
Event: 1204.167 GC heap before
{Heap before GC invocations=482 (full 1):
 garbage-first heap   total 96256K, used 87640K [0x00000000a0e00000, 0x0000000100000000)
  region size 1024K, 36 young (36864K), 1 survivors (1024K)
 Metaspace       used 100448K, committed 101568K, reserved 1179648K
  class space    used 12643K, committed 13184K, reserved 1048576K
}
Event: 1204.169 GC heap after
{Heap after GC invocations=483 (full 1):
 garbage-first heap   total 96256K, used 51798K [0x00000000a0e00000, 0x0000000100000000)
  region size 1024K, 1 young (1024K), 1 survivors (1024K)
 Metaspace       used 100448K, committed 101568K, reserved 1179648K
  class space    used 12643K, committed 13184K, reserved 1048576K
}
Event: 1206.717 GC heap before
{Heap before GC invocations=484 (full 1):
 garbage-first heap   total 96256K, used 87638K [0x00000000a0e00000, 0x0000000100000000)
  region size 1024K, 36 young (36864K), 1 survivors (1024K)
 Metaspace       used 100448K, committed 101568K, reserved 1179648K
  class space    used 12643K, committed 13184K, reserved 1048576K
}
Event: 1206.719 GC heap after
{Heap after GC invocations=485 (full 1):
 garbage-first heap   total 96256K, used 51797K [0x00000000a0e00000, 0x0000000100000000)
  region size 1024K, 1 young (1024K), 1 survivors (1024K)
 Metaspace       used 100448K, committed 101568K, reserved 1179648K
  class space    used 12643K, committed 13184K, reserved 1048576K
}
Event: 1318.873 GC heap before
{Heap before GC invocations=485 (full 1):
 garbage-first heap   total 96256K, used 87637K [0x00000000a0e00000, 0x0000000100000000)
  region size 1024K, 36 young (36864K), 1 survivors (1024K)
 Metaspace       used 100550K, committed 101696K, reserved 1179648K
  class space    used 12645K, committed 13184K, reserved 1048576K
}
Event: 1318.958 GC heap after
{Heap after GC invocations=486 (full 1):
 garbage-first heap   total 96256K, used 51918K [0x00000000a0e00000, 0x0000000100000000)
  region size 1024K, 1 young (1024K), 1 survivors (1024K)
 Metaspace       used 100550K, committed 101696K, reserved 1179648K
  class space    used 12645K, committed 13184K, reserved 1048576K
}
Event: 1648.432 GC heap before
{Heap before GC invocations=487 (full 1):
 garbage-first heap   total 96256K, used 87758K [0x00000000a0e00000, 0x0000000100000000)
  region size 1024K, 36 young (36864K), 1 survivors (1024K)
 Metaspace       used 100836K, committed 101952K, reserved 1179648K
  class space    used 12645K, committed 13184K, reserved 1048576K
}
Event: 1648.467 GC heap after
{Heap after GC invocations=488 (full 1):
 garbage-first heap   total 96256K, used 51925K [0x00000000a0e00000, 0x0000000100000000)
  region size 1024K, 1 young (1024K), 1 survivors (1024K)
 Metaspace       used 100836K, committed 101952K, reserved 1179648K
  class space    used 12645K, committed 13184K, reserved 1048576K
}
Event: 1934.254 GC heap before
{Heap before GC invocations=488 (full 1):
 garbage-first heap   total 96256K, used 87765K [0x00000000a0e00000, 0x0000000100000000)
  region size 1024K, 36 young (36864K), 1 survivors (1024K)
 Metaspace       used 101128K, committed 102208K, reserved 1179648K
  class space    used 12669K, committed 13184K, reserved 1048576K
}
Event: 1934.352 GC heap after
{Heap after GC invocations=489 (full 1):
 garbage-first heap   total 96256K, used 52390K [0x00000000a0e00000, 0x0000000100000000)
  region size 1024K, 1 young (1024K), 1 survivors (1024K)
 Metaspace       used 101128K, committed 102208K, reserved 1179648K
  class space    used 12669K, committed 13184K, reserved 1048576K
}

