# JRE version: Java(TM) SE Runtime Environment (21.0.2+13) (build 21.0.2+13-LTS-58)
# Java VM: Java HotSpot(TM) 64-Bit Server VM (21.0.2+13-LTS-58, mixed mode, sharing, tiered, compressed oops, compressed class ptrs, g1 gc, windows-amd64)
GC Precious Log:
 CardTable entry size: 512
 Card Set container configuration: InlinePtr #cards 5 size 8 Array Of Cards #cards 12 size 40 Howl #buckets 4 coarsen threshold 1843 Howl Bitmap #cards 512 size 80 coarsen threshold 460 Card regions per heap region 1 cards per card region 2048
 CPUs: 8 total, 8 available
 Memory: 6082M
 Large Page Support: Disabled
 NUMA Support: Disabled
 Compressed Oops: Enabled (32-bit)
 Heap Region Size: 1M
 Heap Min Capacity: 8M
 Heap Initial Capacity: 96M
 Heap Max Capacity: 1522M
 Pre-touch: Disabled
 Parallel Workers: 8
 Concurrent Workers: 2
 Concurrent Refinement Workers: 8
 Periodic GC: Disabled
Heap:
 garbage-first heap   total 96256K, used 66933K [0x00000000a0e00000, 0x0000000100000000)
  region size 1024K, 18 young (18432K), 3 survivors (3072K)
 Metaspace       used 97230K, committed 98240K, reserved 1179648K
  class space    used 12557K, committed 13056K, reserved 1048576K
GC Heap History (20 events):
Event: 385.202 GC heap before
{Heap before GC invocations=23 (full 0):
 garbage-first heap   total 87040K, used 72936K [0x00000000a0e00000, 0x0000000100000000)
  region size 1024K, 26 young (26624K), 3 survivors (3072K)
 Metaspace       used 94533K, committed 95552K, reserved 1179648K
  class space    used 12398K, committed 12864K, reserved 1048576K
}
Event: 385.255 GC heap after
{Heap after GC invocations=24 (full 0):
 garbage-first heap   total 87040K, used 50970K [0x00000000a0e00000, 0x0000000100000000)
  region size 1024K, 2 young (2048K), 2 survivors (2048K)
 Metaspace       used 94533K, committed 95552K, reserved 1179648K
  class space    used 12398K, committed 12864K, reserved 1048576K
}
Event: 636.925 GC heap before
{Heap before GC invocations=24 (full 0):
 garbage-first heap   total 87040K, used 78618K [0x00000000a0e00000, 0x0000000100000000)
  region size 1024K, 29 young (29696K), 2 survivors (2048K)
 Metaspace       used 94894K, committed 95872K, reserved 1179648K
  class space    used 12427K, committed 12864K, reserved 1048576K
}
Event: 636.987 GC heap after
{Heap after GC invocations=25 (full 0):
 garbage-first heap   total 87040K, used 50063K [0x00000000a0e00000, 0x0000000100000000)
  region size 1024K, 2 young (2048K), 2 survivors (2048K)
 Metaspace       used 94894K, committed 95872K, reserved 1179648K
  class space    used 12427K, committed 12864K, reserved 1048576K
}
Event: 913.794 GC heap before
{Heap before GC invocations=25 (full 0):
 garbage-first heap   total 87040K, used 78735K [0x00000000a0e00000, 0x0000000100000000)
  region size 1024K, 30 young (30720K), 2 survivors (2048K)
 Metaspace       used 95158K, committed 96192K, reserved 1179648K
  class space    used 12427K, committed 12864K, reserved 1048576K
}
Event: 913.844 GC heap after
{Heap after GC invocations=26 (full 0):
 garbage-first heap   total 87040K, used 50151K [0x00000000a0e00000, 0x0000000100000000)
  region size 1024K, 2 young (2048K), 2 survivors (2048K)
 Metaspace       used 95158K, committed 96192K, reserved 1179648K
  class space    used 12427K, committed 12864K, reserved 1048576K
}
Event: 1190.463 GC heap before
{Heap before GC invocations=27 (full 0):
 garbage-first heap   total 87040K, used 78823K [0x00000000a0e00000, 0x0000000100000000)
  region size 1024K, 30 young (30720K), 2 survivors (2048K)
 Metaspace       used 95319K, committed 96320K, reserved 1179648K
  class space    used 12427K, committed 12864K, reserved 1048576K
}
Event: 1190.525 GC heap after
{Heap after GC invocations=28 (full 0):
 garbage-first heap   total 87040K, used 50143K [0x00000000a0e00000, 0x0000000100000000)
  region size 1024K, 2 young (2048K), 2 survivors (2048K)
 Metaspace       used 95319K, committed 96320K, reserved 1179648K
  class space    used 12427K, committed 12864K, reserved 1048576K
}
Event: 1223.250 GC heap before
{Heap before GC invocations=28 (full 0):
 garbage-first heap   total 87040K, used 56287K [0x00000000a0e00000, 0x0000000100000000)
  region size 1024K, 9 young (9216K), 2 survivors (2048K)
 Metaspace       used 95631K, committed 96640K, reserved 1179648K
  class space    used 12482K, committed 12928K, reserved 1048576K
}
Event: 1223.377 GC heap after
{Heap after GC invocations=29 (full 1):
 garbage-first heap   total 87040K, used 42190K [0x00000000a0e00000, 0x0000000100000000)
  region size 1024K, 0 young (0K), 0 survivors (0K)
 Metaspace       used 95629K, committed 96640K, reserved 1179648K
  class space    used 12482K, committed 12928K, reserved 1048576K
}
Event: 1225.258 GC heap before
{Heap before GC invocations=29 (full 1):
 garbage-first heap   total 87040K, used 77006K [0x00000000a0e00000, 0x0000000100000000)
  region size 1024K, 35 young (35840K), 0 survivors (0K)
 Metaspace       used 95867K, committed 96832K, reserved 1179648K
  class space    used 12495K, committed 12928K, reserved 1048576K
}
Event: 1225.268 GC heap after
{Heap after GC invocations=30 (full 1):
 garbage-first heap   total 87040K, used 46117K [0x00000000a0e00000, 0x0000000100000000)
  region size 1024K, 4 young (4096K), 4 survivors (4096K)
 Metaspace       used 95867K, committed 96832K, reserved 1179648K
  class space    used 12495K, committed 12928K, reserved 1048576K
}
Event: 1226.765 GC heap before
{Heap before GC invocations=31 (full 1):
 garbage-first heap   total 87040K, used 73765K [0x00000000a0e00000, 0x0000000100000000)
  region size 1024K, 31 young (31744K), 4 survivors (4096K)
 Metaspace       used 96157K, committed 97152K, reserved 1179648K
  class space    used 12508K, committed 12992K, reserved 1048576K
}
Event: 1226.773 GC heap after
{Heap after GC invocations=32 (full 1):
 garbage-first heap   total 87040K, used 47220K [0x00000000a0e00000, 0x0000000100000000)
  region size 1024K, 3 young (3072K), 3 survivors (3072K)
 Metaspace       used 96157K, committed 97152K, reserved 1179648K
  class space    used 12508K, committed 12992K, reserved 1048576K
}
Event: 1227.824 GC heap before
{Heap before GC invocations=32 (full 1):
 garbage-first heap   total 87040K, used 73844K [0x00000000a0e00000, 0x0000000100000000)
  region size 1024K, 29 young (29696K), 3 survivors (3072K)
 Metaspace       used 96303K, committed 97344K, reserved 1179648K
  class space    used 12512K, committed 12992K, reserved 1048576K
}
Event: 1227.829 GC heap after
{Heap after GC invocations=33 (full 1):
 garbage-first heap   total 87040K, used 48719K [0x00000000a0e00000, 0x0000000100000000)
  region size 1024K, 2 young (2048K), 2 survivors (2048K)
 Metaspace       used 96303K, committed 97344K, reserved 1179648K
  class space    used 12512K, committed 12992K, reserved 1048576K
}
Event: 1228.735 GC heap before
{Heap before GC invocations=33 (full 1):
 garbage-first heap   total 87040K, used 76367K [0x00000000a0e00000, 0x0000000100000000)
  region size 1024K, 29 young (29696K), 2 survivors (2048K)
 Metaspace       used 96932K, committed 97984K, reserved 1179648K
  class space    used 12544K, committed 12992K, reserved 1048576K
}
Event: 1228.739 GC heap after
{Heap after GC invocations=34 (full 1):
 garbage-first heap   total 87040K, used 50810K [0x00000000a0e00000, 0x0000000100000000)
  region size 1024K, 4 young (4096K), 4 survivors (4096K)
 Metaspace       used 96932K, committed 97984K, reserved 1179648K
  class space    used 12544K, committed 12992K, reserved 1048576K
}
Event: 1229.136 GC heap before
{Heap before GC invocations=35 (full 1):
 garbage-first heap   total 96256K, used 73338K [0x00000000a0e00000, 0x0000000100000000)
  region size 1024K, 26 young (26624K), 4 survivors (4096K)
 Metaspace       used 97136K, committed 98112K, reserved 1179648K
  class space    used 12553K, committed 12992K, reserved 1048576K
}
Event: 1229.177 GC heap after
{Heap after GC invocations=36 (full 1):
 garbage-first heap   total 96256K, used 52597K [0x00000000a0e00000, 0x0000000100000000)
  region size 1024K, 3 young (3072K), 3 survivors (3072K)
 Metaspace       used 97136K, committed 98112K, reserved 1179648K
  class space    used 12553K, committed 12992K, reserved 1048576K
}

