# JRE version: Java(TM) SE Runtime Environment (21.0.2+13) (build 21.0.2+13-LTS-58)
# Java VM: Java HotSpot(TM) 64-Bit Server VM (21.0.2+13-LTS-58, mixed mode, sharing, tiered, compressed oops, compressed class ptrs, g1 gc, windows-amd64)
GC Precious Log:
 CardTable entry size: 512
 Card Set container configuration: InlinePtr #cards 5 size 8 Array Of Cards #cards 12 size 40 Howl #buckets 4 coarsen threshold 1843 Howl Bitmap #cards 512 size 80 coarsen threshold 460 Card regions per heap region 1 cards per card region 2048
 CPUs: 8 total, 8 available
 Memory: 6082M
 Large Page Support: Disabled
 NUMA Support: Disabled
 Compressed Oops: Enabled (32-bit)
 Heap Region Size: 1M
 Heap Min Capacity: 8M
 Heap Initial Capacity: 96M
 Heap Max Capacity: 1522M
 Pre-touch: Disabled
 Parallel Workers: 8
 Concurrent Workers: 2
 Concurrent Refinement Workers: 8
 Periodic GC: Disabled
Heap:
 garbage-first heap   total 73728K, used 48376K [0x00000000a0e00000, 0x0000000100000000)
  region size 1024K, 10 young (10240K), 1 survivors (1024K)
 Metaspace       used 66176K, committed 67264K, reserved 1114112K
  class space    used 8012K, committed 8448K, reserved 1048576K
GC Heap History (20 events):
Event: 9.275 GC heap before
{Heap before GC invocations=9 (full 0):
 garbage-first heap   total 71680K, used 59487K [0x00000000a0e00000, 0x0000000100000000)
  region size 1024K, 34 young (34816K), 4 survivors (4096K)
 Metaspace       used 47505K, committed 48128K, reserved 1114112K
  class space    used 5879K, committed 6144K, reserved 1048576K
}
Event: 9.281 GC heap after
{Heap after GC invocations=10 (full 0):
 garbage-first heap   total 71680K, used 32228K [0x00000000a0e00000, 0x0000000100000000)
  region size 1024K, 4 young (4096K), 4 survivors (4096K)
 Metaspace       used 47505K, committed 48128K, reserved 1114112K
  class space    used 5879K, committed 6144K, reserved 1048576K
}
Event: 10.329 GC heap before
{Heap before GC invocations=10 (full 0):
 garbage-first heap   total 71680K, used 59876K [0x00000000a0e00000, 0x0000000100000000)
  region size 1024K, 31 young (31744K), 4 survivors (4096K)
 Metaspace       used 52014K, committed 52608K, reserved 1114112K
  class space    used 6543K, committed 6848K, reserved 1048576K
}
Event: 10.334 GC heap after
{Heap after GC invocations=11 (full 0):
 garbage-first heap   total 71680K, used 35037K [0x00000000a0e00000, 0x0000000100000000)
  region size 1024K, 3 young (3072K), 3 survivors (3072K)
 Metaspace       used 52014K, committed 52608K, reserved 1114112K
  class space    used 6543K, committed 6848K, reserved 1048576K
}
Event: 11.293 GC heap before
{Heap before GC invocations=11 (full 0):
 garbage-first heap   total 71680K, used 60637K [0x00000000a0e00000, 0x0000000100000000)
  region size 1024K, 28 young (28672K), 3 survivors (3072K)
 Metaspace       used 55754K, committed 56320K, reserved 1114112K
  class space    used 7097K, committed 7360K, reserved 1048576K
}
Event: 11.298 GC heap after
{Heap after GC invocations=12 (full 0):
 garbage-first heap   total 71680K, used 36620K [0x00000000a0e00000, 0x0000000100000000)
  region size 1024K, 2 young (2048K), 2 survivors (2048K)
 Metaspace       used 55754K, committed 56320K, reserved 1114112K
  class space    used 7097K, committed 7360K, reserved 1048576K
}
Event: 345.074 GC heap before
{Heap before GC invocations=13 (full 0):
 garbage-first heap   total 71680K, used 61196K [0x00000000a0e00000, 0x0000000100000000)
  region size 1024K, 27 young (27648K), 2 survivors (2048K)
 Metaspace       used 59107K, committed 59712K, reserved 1114112K
  class space    used 7451K, committed 7744K, reserved 1048576K
}
Event: 345.110 GC heap after
{Heap after GC invocations=14 (full 0):
 garbage-first heap   total 71680K, used 37970K [0x00000000a0e00000, 0x0000000100000000)
  region size 1024K, 3 young (3072K), 3 survivors (3072K)
 Metaspace       used 59107K, committed 59712K, reserved 1114112K
  class space    used 7451K, committed 7744K, reserved 1048576K
}
Event: 348.551 GC heap before
{Heap before GC invocations=14 (full 0):
 garbage-first heap   total 71680K, used 62546K [0x00000000a0e00000, 0x0000000100000000)
  region size 1024K, 28 young (28672K), 3 survivors (3072K)
 Metaspace       used 64319K, committed 65024K, reserved 1114112K
  class space    used 8067K, committed 8384K, reserved 1048576K
}
Event: 348.584 GC heap after
{Heap after GC invocations=15 (full 0):
 garbage-first heap   total 71680K, used 40194K [0x00000000a0e00000, 0x0000000100000000)
  region size 1024K, 4 young (4096K), 4 survivors (4096K)
 Metaspace       used 64319K, committed 65024K, reserved 1114112K
  class space    used 8067K, committed 8384K, reserved 1048576K
}
Event: 1340.297 GC heap before
{Heap before GC invocations=15 (full 0):
 garbage-first heap   total 71680K, used 61698K [0x00000000a0e00000, 0x0000000100000000)
  region size 1024K, 26 young (26624K), 4 survivors (4096K)
 Metaspace       used 65614K, committed 66368K, reserved 1114112K
  class space    used 8102K, committed 8448K, reserved 1048576K
}
Event: 1340.462 GC heap after
{Heap after GC invocations=16 (full 0):
 garbage-first heap   total 71680K, used 41316K [0x00000000a0e00000, 0x0000000100000000)
  region size 1024K, 1 young (1024K), 1 survivors (1024K)
 Metaspace       used 65614K, committed 66368K, reserved 1114112K
  class space    used 8102K, committed 8448K, reserved 1048576K
}
Event: 1600.365 GC heap before
{Heap before GC invocations=17 (full 0):
 garbage-first heap   total 73728K, used 62820K [0x00000000a0e00000, 0x0000000100000000)
  region size 1024K, 23 young (23552K), 1 survivors (1024K)
 Metaspace       used 66250K, committed 67008K, reserved 1114112K
  class space    used 8103K, committed 8448K, reserved 1048576K
}
Event: 1600.427 GC heap after
{Heap after GC invocations=18 (full 0):
 garbage-first heap   total 73728K, used 41194K [0x00000000a0e00000, 0x0000000100000000)
  region size 1024K, 1 young (1024K), 1 survivors (1024K)
 Metaspace       used 66250K, committed 67008K, reserved 1114112K
  class space    used 8103K, committed 8448K, reserved 1048576K
}
Event: 3659.578 GC heap before
{Heap before GC invocations=18 (full 0):
 garbage-first heap   total 73728K, used 66794K [0x00000000a0e00000, 0x0000000100000000)
  region size 1024K, 26 young (26624K), 1 survivors (1024K)
 Metaspace       used 66396K, committed 67136K, reserved 1114112K
  class space    used 8104K, committed 8448K, reserved 1048576K
}
Event: 3659.654 GC heap after
{Heap after GC invocations=19 (full 0):
 garbage-first heap   total 73728K, used 40204K [0x00000000a0e00000, 0x0000000100000000)
  region size 1024K, 1 young (1024K), 1 survivors (1024K)
 Metaspace       used 66396K, committed 67136K, reserved 1114112K
  class space    used 8104K, committed 8448K, reserved 1048576K
}
Event: 5831.125 GC heap before
{Heap before GC invocations=19 (full 0):
 garbage-first heap   total 73728K, used 66828K [0x00000000a0e00000, 0x0000000100000000)
  region size 1024K, 27 young (27648K), 1 survivors (1024K)
 Metaspace       used 66471K, committed 67264K, reserved 1114112K
  class space    used 8106K, committed 8448K, reserved 1048576K
}
Event: 5831.219 GC heap after
{Heap after GC invocations=20 (full 0):
 garbage-first heap   total 73728K, used 40011K [0x00000000a0e00000, 0x0000000100000000)
  region size 1024K, 1 young (1024K), 1 survivors (1024K)
 Metaspace       used 66471K, committed 67264K, reserved 1114112K
  class space    used 8106K, committed 8448K, reserved 1048576K
}
Event: 7868.756 GC heap before
{Heap before GC invocations=21 (full 0):
 garbage-first heap   total 73728K, used 66635K [0x00000000a0e00000, 0x0000000100000000)
  region size 1024K, 27 young (27648K), 1 survivors (1024K)
 Metaspace       used 66169K, committed 67264K, reserved 1114112K
  class space    used 8012K, committed 8448K, reserved 1048576K
}
Event: 7868.852 GC heap after
{Heap after GC invocations=22 (full 0):
 garbage-first heap   total 73728K, used 40184K [0x00000000a0e00000, 0x0000000100000000)
  region size 1024K, 1 young (1024K), 1 survivors (1024K)
 Metaspace       used 66169K, committed 67264K, reserved 1114112K
  class space    used 8012K, committed 8448K, reserved 1048576K
}

