# JRE version: Java(TM) SE Runtime Environment (21.0.2+13) (build 21.0.2+13-LTS-58)
# Java VM: Java HotSpot(TM) 64-Bit Server VM (21.0.2+13-LTS-58, mixed mode, sharing, tiered, compressed oops, compressed class ptrs, g1 gc, windows-amd64)
GC Precious Log:
 CardTable entry size: 512
 Card Set container configuration: InlinePtr #cards 5 size 8 Array Of Cards #cards 12 size 40 Howl #buckets 4 coarsen threshold 1843 Howl Bitmap #cards 512 size 80 coarsen threshold 460 Card regions per heap region 1 cards per card region 2048
 CPUs: 8 total, 8 available
 Memory: 6082M
 Large Page Support: Disabled
 NUMA Support: Disabled
 Compressed Oops: Enabled (32-bit)
 Heap Region Size: 1M
 Heap Min Capacity: 8M
 Heap Initial Capacity: 96M
 Heap Max Capacity: 1522M
 Pre-touch: Disabled
 Parallel Workers: 8
 Concurrent Workers: 2
 Concurrent Refinement Workers: 8
 Periodic GC: Disabled
Heap:
 garbage-first heap   total 82944K, used 60595K [0x00000000a0e00000, 0x0000000100000000)
  region size 1024K, 27 young (27648K), 5 survivors (5120K)
 Metaspace       used 78423K, committed 79232K, reserved 1179648K
  class space    used 10256K, committed 10624K, reserved 1048576K
GC Heap History (20 events):
Event: 8.019 GC heap before
{Heap before GC invocations=3 (full 0):
 garbage-first heap   total 98304K, used 31396K [0x00000000a0e00000, 0x0000000100000000)
  region size 1024K, 19 young (19456K), 4 survivors (4096K)
 Metaspace       used 21191K, committed 21504K, reserved 1114112K
  class space    used 2616K, committed 2752K, reserved 1048576K
}
Event: 8.025 GC heap after
{Heap after GC invocations=4 (full 0):
 garbage-first heap   total 98304K, used 18007K [0x00000000a0e00000, 0x0000000100000000)
  region size 1024K, 5 young (5120K), 5 survivors (5120K)
 Metaspace       used 21191K, committed 21504K, reserved 1114112K
  class space    used 2616K, committed 2752K, reserved 1048576K
}
Event: 12.005 GC heap before
{Heap before GC invocations=5 (full 0):
 garbage-first heap   total 68608K, used 66135K [0x00000000a0e00000, 0x0000000100000000)
  region size 1024K, 53 young (54272K), 5 survivors (5120K)
 Metaspace       used 33727K, committed 34176K, reserved 1114112K
  class space    used 4169K, committed 4352K, reserved 1048576K
}
Event: 12.015 GC heap after
{Heap after GC invocations=6 (full 0):
 garbage-first heap   total 76800K, used 20788K [0x00000000a0e00000, 0x0000000100000000)
  region size 1024K, 4 young (4096K), 4 survivors (4096K)
 Metaspace       used 33727K, committed 34176K, reserved 1114112K
  class space    used 4169K, committed 4352K, reserved 1048576K
}
Event: 13.812 GC heap before
{Heap before GC invocations=6 (full 0):
 garbage-first heap   total 76800K, used 48436K [0x00000000a0e00000, 0x0000000100000000)
  region size 1024K, 33 young (33792K), 4 survivors (4096K)
 Metaspace       used 35575K, committed 35968K, reserved 1114112K
  class space    used 4367K, committed 4544K, reserved 1048576K
}
Event: 13.819 GC heap after
{Heap after GC invocations=7 (full 0):
 garbage-first heap   total 76800K, used 23883K [0x00000000a0e00000, 0x0000000100000000)
  region size 1024K, 6 young (6144K), 6 survivors (6144K)
 Metaspace       used 35575K, committed 35968K, reserved 1114112K
  class space    used 4367K, committed 4544K, reserved 1048576K
}
Event: 14.221 GC heap before
{Heap before GC invocations=7 (full 0):
 garbage-first heap   total 76800K, used 30027K [0x00000000a0e00000, 0x0000000100000000)
  region size 1024K, 13 young (13312K), 6 survivors (6144K)
 Metaspace       used 35886K, committed 36288K, reserved 1114112K
  class space    used 4413K, committed 4608K, reserved 1048576K
}
Event: 14.228 GC heap after
{Heap after GC invocations=8 (full 0):
 garbage-first heap   total 76800K, used 23610K [0x00000000a0e00000, 0x0000000100000000)
  region size 1024K, 3 young (3072K), 3 survivors (3072K)
 Metaspace       used 35886K, committed 36288K, reserved 1114112K
  class space    used 4413K, committed 4608K, reserved 1048576K
}
Event: 17.103 GC heap before
{Heap before GC invocations=9 (full 0):
 garbage-first heap   total 76800K, used 63546K [0x00000000a0e00000, 0x0000000100000000)
  region size 1024K, 42 young (43008K), 3 survivors (3072K)
 Metaspace       used 41567K, committed 42048K, reserved 1114112K
  class space    used 5258K, committed 5440K, reserved 1048576K
}
Event: 17.110 GC heap after
{Heap after GC invocations=10 (full 0):
 garbage-first heap   total 76800K, used 27020K [0x00000000a0e00000, 0x0000000100000000)
  region size 1024K, 6 young (6144K), 6 survivors (6144K)
 Metaspace       used 41567K, committed 42048K, reserved 1114112K
  class space    used 5258K, committed 5440K, reserved 1048576K
}
Event: 18.865 GC heap before
{Heap before GC invocations=10 (full 0):
 garbage-first heap   total 76800K, used 71052K [0x00000000a0e00000, 0x0000000100000000)
  region size 1024K, 43 young (44032K), 6 survivors (6144K)
 Metaspace       used 45495K, committed 46080K, reserved 1114112K
  class space    used 5686K, committed 5952K, reserved 1048576K
}
Event: 18.876 GC heap after
{Heap after GC invocations=11 (full 0):
 garbage-first heap   total 82944K, used 31262K [0x00000000a0e00000, 0x0000000100000000)
  region size 1024K, 5 young (5120K), 5 survivors (5120K)
 Metaspace       used 45495K, committed 46080K, reserved 1114112K
  class space    used 5686K, committed 5952K, reserved 1048576K
}
Event: 23.331 GC heap before
{Heap before GC invocations=11 (full 0):
 garbage-first heap   total 82944K, used 69150K [0x00000000a0e00000, 0x0000000100000000)
  region size 1024K, 42 young (43008K), 5 survivors (5120K)
 Metaspace       used 58517K, committed 59136K, reserved 1114112K
  class space    used 7419K, committed 7680K, reserved 1048576K
}
Event: 23.338 GC heap after
{Heap after GC invocations=12 (full 0):
 garbage-first heap   total 82944K, used 34807K [0x00000000a0e00000, 0x0000000100000000)
  region size 1024K, 4 young (4096K), 4 survivors (4096K)
 Metaspace       used 58517K, committed 59136K, reserved 1114112K
  class space    used 7419K, committed 7680K, reserved 1048576K
}
Event: 23.786 GC heap before
{Heap before GC invocations=12 (full 0):
 garbage-first heap   total 82944K, used 41975K [0x00000000a0e00000, 0x0000000100000000)
  region size 1024K, 12 young (12288K), 4 survivors (4096K)
 Metaspace       used 60193K, committed 60736K, reserved 1114112K
  class space    used 7637K, committed 7872K, reserved 1048576K
}
Event: 23.791 GC heap after
{Heap after GC invocations=13 (full 0):
 garbage-first heap   total 82944K, used 35764K [0x00000000a0e00000, 0x0000000100000000)
  region size 1024K, 2 young (2048K), 2 survivors (2048K)
 Metaspace       used 60193K, committed 60736K, reserved 1114112K
  class space    used 7637K, committed 7872K, reserved 1048576K
}
Event: 26.206 GC heap before
{Heap before GC invocations=14 (full 0):
 garbage-first heap   total 82944K, used 71604K [0x00000000a0e00000, 0x0000000100000000)
  region size 1024K, 37 young (37888K), 2 survivors (2048K)
 Metaspace       used 70066K, committed 70784K, reserved 1114112K
  class space    used 9158K, committed 9472K, reserved 1048576K
}
Event: 26.213 GC heap after
{Heap after GC invocations=15 (full 0):
 garbage-first heap   total 82944K, used 37262K [0x00000000a0e00000, 0x0000000100000000)
  region size 1024K, 3 young (3072K), 3 survivors (3072K)
 Metaspace       used 70066K, committed 70784K, reserved 1114112K
  class space    used 9158K, committed 9472K, reserved 1048576K
}
Event: 28.338 GC heap before
{Heap before GC invocations=15 (full 0):
 garbage-first heap   total 82944K, used 73102K [0x00000000a0e00000, 0x0000000100000000)
  region size 1024K, 38 young (38912K), 3 survivors (3072K)
 Metaspace       used 76173K, committed 76864K, reserved 1179648K
  class space    used 9942K, committed 10240K, reserved 1048576K
}
Event: 28.347 GC heap after
{Heap after GC invocations=16 (full 0):
 garbage-first heap   total 82944K, used 39091K [0x00000000a0e00000, 0x0000000100000000)
  region size 1024K, 5 young (5120K), 5 survivors (5120K)
 Metaspace       used 76173K, committed 76864K, reserved 1179648K
  class space    used 9942K, committed 10240K, reserved 1048576K
}

