# JRE version: OpenJDK Runtime Environment Temurin-17.0.10+7 (17.0.10+7) (build 17.0.10+7)
# Java VM: OpenJDK 64-Bit Server VM Temurin-17.0.10+7 (17.0.10+7, mixed mode, emulated-client, tiered, compressed oops, compressed class ptrs, g1 gc, windows-amd64)
GC Precious Log:
 CPUs: 8 total, 8 available
 Memory: 6082M
 Large Page Support: Disabled
 NUMA Support: Disabled
 Compressed Oops: Enabled (32-bit)
 Heap Region Size: 1M
 Heap Min Capacity: 8M
 Heap Initial Capacity: 96M
 Heap Max Capacity: 1G
 Pre-touch: Disabled
 Parallel Workers: 8
 Concurrent Workers: 2
 Concurrent Refinement Workers: 8
 Periodic GC: Disabled
Heap:
 garbage-first heap   total 157696K, used 50371K [0x00000000c0000000, 0x0000000100000000)
  region size 1024K, 1 young (1024K), 0 survivors (0K)
 Metaspace       used 61000K, committed 61440K, reserved 1114112K
  class space    used 7653K, committed 7872K, reserved 1048576K
GC Heap History (20 events):
Event: 3919.814 GC heap before
{Heap before GC invocations=225 (full 128):
 garbage-first heap   total 157696K, used 50853K [0x00000000c0000000, 0x0000000100000000)
  region size 1024K, 1 young (1024K), 0 survivors (0K)
 Metaspace       used 61000K, committed 61440K, reserved 1114112K
  class space    used 7653K, committed 7872K, reserved 1048576K
}
Event: 3919.871 GC heap after
{Heap after GC invocations=226 (full 129):
 garbage-first heap   total 157696K, used 50371K [0x00000000c0000000, 0x0000000100000000)
  region size 1024K, 0 young (0K), 0 survivors (0K)
 Metaspace       used 61000K, committed 61440K, reserved 1114112K
  class space    used 7653K, committed 7872K, reserved 1048576K
}
Event: 3930.174 GC heap before
{Heap before GC invocations=226 (full 129):
 garbage-first heap   total 157696K, used 50371K [0x00000000c0000000, 0x0000000100000000)
  region size 1024K, 1 young (1024K), 0 survivors (0K)
 Metaspace       used 61000K, committed 61440K, reserved 1114112K
  class space    used 7653K, committed 7872K, reserved 1048576K
}
Event: 3930.231 GC heap after
{Heap after GC invocations=227 (full 130):
 garbage-first heap   total 157696K, used 50371K [0x00000000c0000000, 0x0000000100000000)
  region size 1024K, 0 young (0K), 0 survivors (0K)
 Metaspace       used 61000K, committed 61440K, reserved 1114112K
  class space    used 7653K, committed 7872K, reserved 1048576K
}
Event: 3940.551 GC heap before
{Heap before GC invocations=227 (full 130):
 garbage-first heap   total 157696K, used 50371K [0x00000000c0000000, 0x0000000100000000)
  region size 1024K, 1 young (1024K), 0 survivors (0K)
 Metaspace       used 61000K, committed 61440K, reserved 1114112K
  class space    used 7653K, committed 7872K, reserved 1048576K
}
Event: 3940.607 GC heap after
{Heap after GC invocations=228 (full 131):
 garbage-first heap   total 157696K, used 50371K [0x00000000c0000000, 0x0000000100000000)
  region size 1024K, 0 young (0K), 0 survivors (0K)
 Metaspace       used 61000K, committed 61440K, reserved 1114112K
  class space    used 7653K, committed 7872K, reserved 1048576K
}
Event: 3950.968 GC heap before
{Heap before GC invocations=228 (full 131):
 garbage-first heap   total 157696K, used 50371K [0x00000000c0000000, 0x0000000100000000)
  region size 1024K, 1 young (1024K), 0 survivors (0K)
 Metaspace       used 61000K, committed 61440K, reserved 1114112K
  class space    used 7653K, committed 7872K, reserved 1048576K
}
Event: 3951.025 GC heap after
{Heap after GC invocations=229 (full 132):
 garbage-first heap   total 157696K, used 50371K [0x00000000c0000000, 0x0000000100000000)
  region size 1024K, 0 young (0K), 0 survivors (0K)
 Metaspace       used 61000K, committed 61440K, reserved 1114112K
  class space    used 7653K, committed 7872K, reserved 1048576K
}
Event: 3961.292 GC heap before
{Heap before GC invocations=229 (full 132):
 garbage-first heap   total 157696K, used 50371K [0x00000000c0000000, 0x0000000100000000)
  region size 1024K, 1 young (1024K), 0 survivors (0K)
 Metaspace       used 61000K, committed 61440K, reserved 1114112K
  class space    used 7653K, committed 7872K, reserved 1048576K
}
Event: 3961.336 GC heap after
{Heap after GC invocations=230 (full 133):
 garbage-first heap   total 157696K, used 50371K [0x00000000c0000000, 0x0000000100000000)
  region size 1024K, 0 young (0K), 0 survivors (0K)
 Metaspace       used 61000K, committed 61440K, reserved 1114112K
  class space    used 7653K, committed 7872K, reserved 1048576K
}
Event: 3973.088 GC heap before
{Heap before GC invocations=230 (full 133):
 garbage-first heap   total 157696K, used 50371K [0x00000000c0000000, 0x0000000100000000)
  region size 1024K, 1 young (1024K), 0 survivors (0K)
 Metaspace       used 61000K, committed 61440K, reserved 1114112K
  class space    used 7653K, committed 7872K, reserved 1048576K
}
Event: 3973.155 GC heap after
{Heap after GC invocations=231 (full 134):
 garbage-first heap   total 157696K, used 50371K [0x00000000c0000000, 0x0000000100000000)
  region size 1024K, 0 young (0K), 0 survivors (0K)
 Metaspace       used 61000K, committed 61440K, reserved 1114112K
  class space    used 7653K, committed 7872K, reserved 1048576K
}
Event: 3985.122 GC heap before
{Heap before GC invocations=231 (full 134):
 garbage-first heap   total 157696K, used 50371K [0x00000000c0000000, 0x0000000100000000)
  region size 1024K, 1 young (1024K), 0 survivors (0K)
 Metaspace       used 61000K, committed 61440K, reserved 1114112K
  class space    used 7653K, committed 7872K, reserved 1048576K
}
Event: 3985.321 GC heap after
{Heap after GC invocations=232 (full 135):
 garbage-first heap   total 157696K, used 50371K [0x00000000c0000000, 0x0000000100000000)
  region size 1024K, 0 young (0K), 0 survivors (0K)
 Metaspace       used 61000K, committed 61440K, reserved 1114112K
  class space    used 7653K, committed 7872K, reserved 1048576K
}
Event: 3997.436 GC heap before
{Heap before GC invocations=232 (full 135):
 garbage-first heap   total 157696K, used 50371K [0x00000000c0000000, 0x0000000100000000)
  region size 1024K, 1 young (1024K), 0 survivors (0K)
 Metaspace       used 61000K, committed 61440K, reserved 1114112K
  class space    used 7653K, committed 7872K, reserved 1048576K
}
Event: 3997.541 GC heap after
{Heap after GC invocations=233 (full 136):
 garbage-first heap   total 157696K, used 50371K [0x00000000c0000000, 0x0000000100000000)
  region size 1024K, 0 young (0K), 0 survivors (0K)
 Metaspace       used 61000K, committed 61440K, reserved 1114112K
  class space    used 7653K, committed 7872K, reserved 1048576K
}
Event: 4008.636 GC heap before
{Heap before GC invocations=233 (full 136):
 garbage-first heap   total 157696K, used 50371K [0x00000000c0000000, 0x0000000100000000)
  region size 1024K, 1 young (1024K), 0 survivors (0K)
 Metaspace       used 61000K, committed 61440K, reserved 1114112K
  class space    used 7653K, committed 7872K, reserved 1048576K
}
Event: 4008.720 GC heap after
{Heap after GC invocations=234 (full 137):
 garbage-first heap   total 157696K, used 50371K [0x00000000c0000000, 0x0000000100000000)
  region size 1024K, 0 young (0K), 0 survivors (0K)
 Metaspace       used 61000K, committed 61440K, reserved 1114112K
  class space    used 7653K, committed 7872K, reserved 1048576K
}
Event: 4019.253 GC heap before
{Heap before GC invocations=234 (full 137):
 garbage-first heap   total 157696K, used 50371K [0x00000000c0000000, 0x0000000100000000)
  region size 1024K, 1 young (1024K), 0 survivors (0K)
 Metaspace       used 61000K, committed 61440K, reserved 1114112K
  class space    used 7653K, committed 7872K, reserved 1048576K
}
Event: 4019.330 GC heap after
{Heap after GC invocations=235 (full 138):
 garbage-first heap   total 157696K, used 50371K [0x00000000c0000000, 0x0000000100000000)
  region size 1024K, 0 young (0K), 0 survivors (0K)
 Metaspace       used 61000K, committed 61440K, reserved 1114112K
  class space    used 7653K, committed 7872K, reserved 1048576K
}

